-------------------------------------------------------------------------------
Test set: TestSuite
-------------------------------------------------------------------------------
Tests run: 4, Failures: 1, Errors: 0, Skipped: 0, Time elapsed: 17.726 sec <<< FAILURE! - in TestSuite
testConfigurationAPI(june2021.qaautomation.APITest)  Time elapsed: 2.274 sec  <<< FAILURE!
java.lang.AssertionError: expected [USD] but found [INR]
	at june2021.qaautomation.APITest.testConfigurationAPI(APITest.java:24)

